<?xml version="1.0" encoding="UTF-8"?>
<!-- Generated by org.testng.reporters.JUnitReportReporter -->
<testsuite hostname="TNR" failures="0" tests="1" name="com.hrm.testscripts.TC019_LEAVE_LeaveListReset" time="32.717" errors="0" timestamp="19 Oct 2022 11:48:21 GMT">
  <testcase classname="com.hrm.testscripts.TC019_LEAVE_LeaveListReset" name="listreset" time="32.717"/>
</testsuite> <!-- com.hrm.testscripts.TC019_LEAVE_LeaveListReset -->
