<?xml version="1.0" encoding="UTF-8"?>
<!-- Generated by org.testng.reporters.JUnitReportReporter -->
<testsuite hostname="TNR" failures="0" tests="1" name="com.hrm.testscripts.TC009_PIM_PersonalDetails_EmpList" time="53.799" errors="0" timestamp="19 Oct 2022 11:48:21 GMT">
  <testcase classname="com.hrm.testscripts.TC009_PIM_PersonalDetails_EmpList" name="personal" time="53.799"/>
</testsuite> <!-- com.hrm.testscripts.TC009_PIM_PersonalDetails_EmpList -->
