<?xml version="1.0" encoding="UTF-8"?>
<!-- Generated by org.testng.reporters.JUnitReportReporter -->
<testsuite hostname="TNR" failures="0" tests="1" name="com.hrm.testsripts.TC002_PIM_Education" time="44.604" errors="0" timestamp="19 Oct 2022 09:51:11 GMT">
  <testcase classname="com.hrm.testsripts.TC002_PIM_Education" name="education" time="44.604"/>
</testsuite> <!-- com.hrm.testsripts.TC002_PIM_Education -->
