<?xml version="1.0" encoding="UTF-8"?>
<!-- Generated by org.testng.reporters.JUnitReportReporter -->
<testsuite hostname="TNR" failures="0" tests="1" name="com.hrm.testscripts.TC006_PIM_EmpList_Resetemp" time="22.303" errors="0" timestamp="19 Oct 2022 11:48:21 GMT">
  <testcase classname="com.hrm.testscripts.TC006_PIM_EmpList_Resetemp" name="resetemp" time="22.303"/>
</testsuite> <!-- com.hrm.testscripts.TC006_PIM_EmpList_Resetemp -->
