<?xml version="1.0" encoding="UTF-8"?>
<!-- Generated by org.testng.reporters.JUnitReportReporter -->
<testsuite hostname="TNR" failures="0" tests="1" name="com.hrm.testsripts.TC001_PIM_AddEmpDetails" time="30.371" errors="0" timestamp="19 Oct 2022 09:47:52 GMT">
  <testcase classname="com.hrm.testsripts.TC001_PIM_AddEmpDetails" name="add" time="30.371"/>
</testsuite> <!-- com.hrm.testsripts.TC001_PIM_AddEmpDetails -->
