<?xml version="1.0" encoding="UTF-8"?>
<!-- Generated by org.testng.reporters.JUnitReportReporter -->
<testsuite hostname="TNR" failures="0" tests="1" name="com.hrm.testscripts.TC016_LEAVE_LeaveType_Delete" time="28.300" errors="0" timestamp="19 Oct 2022 11:48:21 GMT">
  <testcase classname="com.hrm.testscripts.TC016_LEAVE_LeaveType_Delete" name="leavedelete" time="28.300"/>
</testsuite> <!-- com.hrm.testscripts.TC016_LEAVE_LeaveType_Delete -->
