<?xml version="1.0" encoding="UTF-8"?>
<!-- Generated by org.testng.reporters.JUnitReportReporter -->
<testsuite hostname="TNR" failures="0" tests="1" name="com.hrm.testscripts.TC021_BENEFITS_PayrollSchedule_AddPperiodReset" time="31.771" errors="0" timestamp="19 Oct 2022 11:48:21 GMT">
  <testcase classname="com.hrm.testscripts.TC021_BENEFITS_PayrollSchedule_AddPperiodReset" name="periodDetailsreset" time="31.771"/>
</testsuite> <!-- com.hrm.testscripts.TC021_BENEFITS_PayrollSchedule_AddPperiodReset -->
