<?xml version="1.0" encoding="UTF-8"?>
<!-- Generated by org.testng.reporters.JUnitReportReporter -->
<testsuite hostname="TNR" failures="0" tests="1" name="com.hrm.testscripts.TC002_PIM_Education" time="42.867" errors="0" timestamp="19 Oct 2022 11:48:21 GMT">
  <testcase classname="com.hrm.testscripts.TC002_PIM_Education" name="education" time="42.867"/>
</testsuite> <!-- com.hrm.testscripts.TC002_PIM_Education -->
